# JRE version: Java(TM) SE Runtime Environment (8.0_391) (build 1.8.0_391-b13)
# Java VM: Java HotSpot(TM) 64-Bit Server VM (25.391-b13 mixed mode windows-amd64 compressed oops)
Heap:
 PSYoungGen      total 360448K, used 24270K [0x00000000d5580000, 0x00000000f5a80000, 0x0000000100000000)
  eden space 330240K, 0% used [0x00000000d5580000,0x00000000d5580000,0x00000000e9800000)
  from space 30208K, 80% used [0x00000000e9800000,0x00000000eafb3860,0x00000000eb580000)
  to   space 32768K, 0% used [0x00000000f3a80000,0x00000000f3a80000,0x00000000f5a80000)
 ParOldGen       total 140288K, used 41278K [0x0000000080000000, 0x0000000088900000, 0x00000000d5580000)
  object space 140288K, 29% used [0x0000000080000000,0x000000008284f9e0,0x0000000088900000)
 Metaspace       used 56730K, capacity 58847K, committed 59096K, reserved 1099776K
  class space    used 8142K, capacity 8597K, committed 8664K, reserved 1048576K
GC Heap History (10 events):
Event: 4.529 GC heap after
Heap after GC invocations=7 (full 1):
 PSYoungGen      total 233472K, used 7488K [0x00000000d5580000, 0x00000000e4800000, 0x0000000100000000)
  eden space 220672K, 0% used [0x00000000d5580000,0x00000000d5580000,0x00000000e2d00000)
  from space 12800K, 58% used [0x00000000e3b80000,0x00000000e42d0000,0x00000000e4800000)
  to   space 13824K, 0% used [0x00000000e2d00000,0x00000000e2d00000,0x00000000e3a80000)
 ParOldGen       total 95232K, used 10598K [0x0000000080000000, 0x0000000085d00000, 0x00000000d5580000)
  object space 95232K, 11% used [0x0000000080000000,0x0000000080a59b70,0x0000000085d00000)
 Metaspace       used 33450K, capacity 35342K, committed 35456K, reserved 1079296K
  class space    used 4816K, capacity 5187K, committed 5248K, reserved 1048576K
}
Event: 4.529 GC heap before
{Heap before GC invocations=8 (full 2):
 PSYoungGen      total 233472K, used 7488K [0x00000000d5580000, 0x00000000e4800000, 0x0000000100000000)
  eden space 220672K, 0% used [0x00000000d5580000,0x00000000d5580000,0x00000000e2d00000)
  from space 12800K, 58% used [0x00000000e3b80000,0x00000000e42d0000,0x00000000e4800000)
  to   space 13824K, 0% used [0x00000000e2d00000,0x00000000e2d00000,0x00000000e3a80000)
 ParOldGen       total 95232K, used 10598K [0x0000000080000000, 0x0000000085d00000, 0x00000000d5580000)
  object space 95232K, 11% used [0x0000000080000000,0x0000000080a59b70,0x0000000085d00000)
 Metaspace       used 33450K, capacity 35342K, committed 35456K, reserved 1079296K
  class space    used 4816K, capacity 5187K, committed 5248K, reserved 1048576K
Event: 4.563 GC heap after
Heap after GC invocations=8 (full 2):
 PSYoungGen      total 233472K, used 0K [0x00000000d5580000, 0x00000000e4800000, 0x0000000100000000)
  eden space 220672K, 0% used [0x00000000d5580000,0x00000000d5580000,0x00000000e2d00000)
  from space 12800K, 0% used [0x00000000e3b80000,0x00000000e3b80000,0x00000000e4800000)
  to   space 13824K, 0% used [0x00000000e2d00000,0x00000000e2d00000,0x00000000e3a80000)
 ParOldGen       total 140288K, used 14582K [0x0000000080000000, 0x0000000088900000, 0x00000000d5580000)
  object space 140288K, 10% used [0x0000000080000000,0x0000000080e3da78,0x0000000088900000)
 Metaspace       used 33450K, capacity 35342K, committed 35456K, reserved 1079296K
  class space    used 4816K, capacity 5187K, committed 5248K, reserved 1048576K
}
Event: 5.691 GC heap before
{Heap before GC invocations=9 (full 2):
 PSYoungGen      total 233472K, used 220672K [0x00000000d5580000, 0x00000000e4800000, 0x0000000100000000)
  eden space 220672K, 100% used [0x00000000d5580000,0x00000000e2d00000,0x00000000e2d00000)
  from space 12800K, 0% used [0x00000000e3b80000,0x00000000e3b80000,0x00000000e4800000)
  to   space 13824K, 0% used [0x00000000e2d00000,0x00000000e2d00000,0x00000000e3a80000)
 ParOldGen       total 140288K, used 14582K [0x0000000080000000, 0x0000000088900000, 0x00000000d5580000)
  object space 140288K, 10% used [0x0000000080000000,0x0000000080e3da78,0x0000000088900000)
 Metaspace       used 46652K, capacity 48682K, committed 48896K, reserved 1091584K
  class space    used 6935K, capacity 7393K, committed 7424K, reserved 1048576K
Event: 5.709 GC heap after
Heap after GC invocations=9 (full 2):
 PSYoungGen      total 234496K, used 13806K [0x00000000d5580000, 0x00000000ec900000, 0x0000000100000000)
  eden space 220672K, 0% used [0x00000000d5580000,0x00000000d5580000,0x00000000e2d00000)
  from space 13824K, 99% used [0x00000000e2d00000,0x00000000e3a7baf8,0x00000000e3a80000)
  to   space 19968K, 0% used [0x00000000eb580000,0x00000000eb580000,0x00000000ec900000)
 ParOldGen       total 140288K, used 23910K [0x0000000080000000, 0x0000000088900000, 0x00000000d5580000)
  object space 140288K, 17% used [0x0000000080000000,0x0000000081759a90,0x0000000088900000)
 Metaspace       used 46652K, capacity 48682K, committed 48896K, reserved 1091584K
  class space    used 6935K, capacity 7393K, committed 7424K, reserved 1048576K
}
Event: 7.810 GC heap before
{Heap before GC invocations=10 (full 2):
 PSYoungGen      total 234496K, used 234478K [0x00000000d5580000, 0x00000000ec900000, 0x0000000100000000)
  eden space 220672K, 100% used [0x00000000d5580000,0x00000000e2d00000,0x00000000e2d00000)
  from space 13824K, 99% used [0x00000000e2d00000,0x00000000e3a7baf8,0x00000000e3a80000)
  to   space 19968K, 0% used [0x00000000eb580000,0x00000000eb580000,0x00000000ec900000)
 ParOldGen       total 140288K, used 23910K [0x0000000080000000, 0x0000000088900000, 0x00000000d5580000)
  object space 140288K, 17% used [0x0000000080000000,0x0000000081759a90,0x0000000088900000)
 Metaspace       used 54702K, capacity 56871K, committed 57088K, reserved 1097728K
  class space    used 7916K, capacity 8369K, committed 8448K, reserved 1048576K
Event: 7.847 GC heap after
Heap after GC invocations=10 (full 2):
 PSYoungGen      total 350208K, used 19946K [0x00000000d5580000, 0x00000000edc00000, 0x0000000100000000)
  eden space 330240K, 0% used [0x00000000d5580000,0x00000000d5580000,0x00000000e9800000)
  from space 19968K, 99% used [0x00000000eb580000,0x00000000ec8faa18,0x00000000ec900000)
  to   space 30208K, 0% used [0x00000000e9800000,0x00000000e9800000,0x00000000eb580000)
 ParOldGen       total 140288K, used 41270K [0x0000000080000000, 0x0000000088900000, 0x00000000d5580000)
  object space 140288K, 29% used [0x0000000080000000,0x000000008284d9e0,0x0000000088900000)
 Metaspace       used 54702K, capacity 56871K, committed 57088K, reserved 1097728K
  class space    used 7916K, capacity 8369K, committed 8448K, reserved 1048576K
}
Event: 8.063 GC heap before
{Heap before GC invocations=11 (full 2):
 PSYoungGen      total 350208K, used 67642K [0x00000000d5580000, 0x00000000edc00000, 0x0000000100000000)
  eden space 330240K, 14% used [0x00000000d5580000,0x00000000d8413fc8,0x00000000e9800000)
  from space 19968K, 99% used [0x00000000eb580000,0x00000000ec8faa18,0x00000000ec900000)
  to   space 30208K, 0% used [0x00000000e9800000,0x00000000e9800000,0x00000000eb580000)
 ParOldGen       total 140288K, used 41270K [0x0000000080000000, 0x0000000088900000, 0x00000000d5580000)
  object space 140288K, 29% used [0x0000000080000000,0x000000008284d9e0,0x0000000088900000)
 Metaspace       used 56730K, capacity 58847K, committed 59096K, reserved 1099776K
  class space    used 8142K, capacity 8597K, committed 8664K, reserved 1048576K
Event: 8.081 GC heap after
Heap after GC invocations=11 (full 2):
 PSYoungGen      total 360448K, used 24270K [0x00000000d5580000, 0x00000000f5a80000, 0x0000000100000000)
  eden space 330240K, 0% used [0x00000000d5580000,0x00000000d5580000,0x00000000e9800000)
  from space 30208K, 80% used [0x00000000e9800000,0x00000000eafb3860,0x00000000eb580000)
  to   space 32768K, 0% used [0x00000000f3a80000,0x00000000f3a80000,0x00000000f5a80000)
 ParOldGen       total 140288K, used 41278K [0x0000000080000000, 0x0000000088900000, 0x00000000d5580000)
  object space 140288K, 29% used [0x0000000080000000,0x000000008284f9e0,0x0000000088900000)
 Metaspace       used 56730K, capacity 58847K, committed 59096K, reserved 1099776K
  class space    used 8142K, capacity 8597K, committed 8664K, reserved 1048576K
}
Event: 8.081 GC heap before
{Heap before GC invocations=12 (full 3):
 PSYoungGen      total 360448K, used 24270K [0x00000000d5580000, 0x00000000f5a80000, 0x0000000100000000)
  eden space 330240K, 0% used [0x00000000d5580000,0x00000000d5580000,0x00000000e9800000)
  from space 30208K, 80% used [0x00000000e9800000,0x00000000eafb3860,0x00000000eb580000)
  to   space 32768K, 0% used [0x00000000f3a80000,0x00000000f3a80000,0x00000000f5a80000)
 ParOldGen       total 140288K, used 41278K [0x0000000080000000, 0x0000000088900000, 0x00000000d5580000)
  object space 140288K, 29% used [0x0000000080000000,0x000000008284f9e0,0x0000000088900000)
 Metaspace       used 56730K, capacity 58847K, committed 59096K, reserved 1099776K
  class space    used 8142K, capacity 8597K, committed 8664K, reserved 1048576K

